[debug] [2021-07-21T23:10:49.699Z] ----------------------------------------------------------------------
[debug] [2021-07-21T23:10:49.701Z] Command:       /usr/local/bin/node /Users/arpirai/.npm-global/bin/firebase emulators:start
[debug] [2021-07-21T23:10:49.701Z] CLI Version:   9.16.0
[debug] [2021-07-21T23:10:49.701Z] Platform:      darwin
[debug] [2021-07-21T23:10:49.701Z] Node Version:  v14.13.1
[debug] [2021-07-21T23:10:49.703Z] Time:          Thu Jul 22 2021 04:40:49 GMT+0530 (India Standard Time)
[debug] [2021-07-21T23:10:49.703Z] ----------------------------------------------------------------------
[debug] 
[debug] [2021-07-21T23:10:49.729Z] >>> [apiv2][query] GET https://firebase-public.firebaseio.com/cli.json [none]
[debug] [2021-07-21T23:10:49.917Z] > command requires scopes: ["email","openid","https://www.googleapis.com/auth/cloudplatformprojects.readonly","https://www.googleapis.com/auth/firebase","https://www.googleapis.com/auth/cloud-platform"]
[debug] [2021-07-21T23:10:49.918Z] > authorizing via signed-in user (raisahab143@gmail.com)
[info] i  emulators: Starting emulators: functions {"metadata":{"emulator":{"name":"hub"},"message":"Starting emulators: functions"}}
[debug] [2021-07-21T23:10:49.936Z] [hub] writing locator at /var/folders/j0/5_n15szj493814hxjjkm6s300000gn/T/hub-healthybookar.json
[warn] ⚠  functions: The following emulators are not running, calls to these services from the Functions emulator will affect production: auth, firestore, database, hosting, pubsub, storage {"metadata":{"emulator":{"name":"functions"},"message":"The following emulators are not running, calls to these services from the Functions emulator will affect production: \u001b[1mauth, firestore, database, hosting, pubsub, storage\u001b[22m"}}
[info] ✔  functions: Using node@14 from host. {"metadata":{"emulator":{"name":"functions"},"message":"Using node@14 from host."}}
[debug] [2021-07-21T23:10:49.970Z] defaultcredentials: writing to file /Users/arpirai/.config/firebase/raisahab143_gmail_com_application_default_credentials.json
[debug] [2021-07-21T23:10:49.985Z] Setting GAC to /Users/arpirai/.config/firebase/raisahab143_gmail_com_application_default_credentials.json {"metadata":{"emulator":{"name":"functions"},"message":"Setting GAC to /Users/arpirai/.config/firebase/raisahab143_gmail_com_application_default_credentials.json"}}
[debug] [2021-07-21T23:10:49.986Z] > refreshing access token with scopes: []
[debug] [2021-07-21T23:10:49.987Z] >>> HTTP REQUEST POST https://www.googleapis.com/oauth2/v3/token  
 <request body omitted>
[debug] [2021-07-21T23:10:50.208Z] <<< HTTP RESPONSE 200 {"pragma":"no-cache","date":"Wed, 21 Jul 2021 23:10:50 GMT","cache-control":"no-cache, no-store, max-age=0, must-revalidate","expires":"Mon, 01 Jan 1990 00:00:00 GMT","content-type":"application/json; charset=utf-8","vary":"X-Origin, Referer, Origin,Accept-Encoding","server":"scaffolding on HTTPServer2","x-xss-protection":"0","x-frame-options":"SAMEORIGIN","x-content-type-options":"nosniff","alt-svc":"h3=\":443\"; ma=2592000,h3-29=\":443\"; ma=2592000,h3-T051=\":443\"; ma=2592000,h3-Q050=\":443\"; ma=2592000,h3-Q046=\":443\"; ma=2592000,h3-Q043=\":443\"; ma=2592000,quic=\":443\"; ma=2592000; v=\"46,43\"","accept-ranges":"none","transfer-encoding":"chunked"}
[debug] [2021-07-21T23:10:50.290Z] >>> [apiv2][query] GET https://firebase.googleapis.com/v1beta1/projects/healthybookar/adminSdkConfig [none]
[debug] [2021-07-21T23:10:50.884Z] <<< [apiv2][status] GET https://firebase-public.firebaseio.com/cli.json 200
[debug] [2021-07-21T23:10:50.884Z] <<< [apiv2][body] GET https://firebase-public.firebaseio.com/cli.json {"cloudBuildErrorAfter":1594252800000,"cloudBuildWarnAfter":1590019200000,"defaultNode10After":1594252800000,"minVersion":"3.0.5","node8DeploysDisabledAfter":1613390400000,"node8RuntimeDisabledAfter":1615809600000,"node8WarnAfter":1600128000000}
[debug] [2021-07-21T23:10:50.942Z] <<< [apiv2][status] GET https://firebase.googleapis.com/v1beta1/projects/healthybookar/adminSdkConfig 200
[debug] [2021-07-21T23:10:50.943Z] <<< [apiv2][body] GET https://firebase.googleapis.com/v1beta1/projects/healthybookar/adminSdkConfig {"projectId":"healthybookar","storageBucket":"healthybookar.appspot.com","locationId":"asia-southeast1"}
[debug] [2021-07-21T23:10:51.530Z] Ignoring unsupported arg: auto_download {"metadata":{"emulator":{"name":"ui"},"message":"Ignoring unsupported arg: auto_download"}}
[debug] [2021-07-21T23:10:51.530Z] Ignoring unsupported arg: port {"metadata":{"emulator":{"name":"ui"},"message":"Ignoring unsupported arg: port"}}
[debug] [2021-07-21T23:10:51.530Z] Starting Emulator UI with command {"binary":"node","args":["/Users/arpirai/.cache/firebase/emulators/ui-v1.6.0/server.bundle.js"],"optionalArgs":[],"joinArgs":false} {"metadata":{"emulator":{"name":"ui"},"message":"Starting Emulator UI with command {\"binary\":\"node\",\"args\":[\"/Users/arpirai/.cache/firebase/emulators/ui-v1.6.0/server.bundle.js\"],\"optionalArgs\":[],\"joinArgs\":false}"}}
[info] i  ui: Emulator UI logging to ui-debug.log {"metadata":{"emulator":{"name":"ui"},"message":"Emulator UI logging to \u001b[1mui-debug.log\u001b[22m"}}
[debug] [2021-07-21T23:10:51.671Z] Web / API server started at localhost:4000
 {"metadata":{"emulator":{"name":"ui"},"message":"Web / API server started at localhost:4000\n"}}
[info] i  functions: Watching "/Users/arpirai/Downloads/Home_Arpit/HealthyBooker/healthy_bookar.com/functions" for Cloud Functions... {"metadata":{"emulator":{"name":"functions"},"message":"Watching \"/Users/arpirai/Downloads/Home_Arpit/HealthyBooker/healthy_bookar.com/functions\" for Cloud Functions..."}}
[debug] [2021-07-21T23:10:51.805Z] [worker-pool] addWorker(~diagnostic~) {"metadata":{"emulator":{"name":"functions"},"message":"[worker-pool] addWorker(~diagnostic~)"}}
[debug] [2021-07-21T23:10:51.806Z] [worker-pool] Adding worker with key ~diagnostic~, total=1 {"metadata":{"emulator":{"name":"functions"},"message":"[worker-pool] Adding worker with key ~diagnostic~, total=1"}}
[debug] [2021-07-21T23:10:51.806Z] [worker-pool] submitWork(triggerId=) {"metadata":{"emulator":{"name":"functions"},"message":"[worker-pool] submitWork(triggerId=)"}}
[debug] [2021-07-21T23:10:51.806Z] [worker-~diagnostic~-20b87386-fd82-452e-b866-d7c97d28a11e]: Assigning socketPath: /var/folders/j0/5_n15szj493814hxjjkm6s300000gn/T/fire_emu_49731.sock {"metadata":{"emulator":{"name":"functions"},"message":"[worker-~diagnostic~-20b87386-fd82-452e-b866-d7c97d28a11e]: Assigning socketPath: /var/folders/j0/5_n15szj493814hxjjkm6s300000gn/T/fire_emu_49731.sock"}}
[debug] [2021-07-21T23:10:51.807Z] [worker-~diagnostic~-20b87386-fd82-452e-b866-d7c97d28a11e]: BUSY {"metadata":{"emulator":{"name":"functions"},"message":"[worker-~diagnostic~-20b87386-fd82-452e-b866-d7c97d28a11e]: BUSY"}}
[debug] [2021-07-21T23:10:52.123Z] [runtime-status] [49731] Functions runtime initialized. {"cwd":"/Users/arpirai/Downloads/Home_Arpit/HealthyBooker/healthy_bookar.com/functions","node_version":"14.13.1"} {"metadata":{"emulator":{"name":"functions"},"message":"[runtime-status] [49731] Functions runtime initialized. {\"cwd\":\"/Users/arpirai/Downloads/Home_Arpit/HealthyBooker/healthy_bookar.com/functions\",\"node_version\":\"14.13.1\"}"}}
[debug] [2021-07-21T23:10:52.123Z] [runtime-status] [49731] Disabled runtime features: undefined {"metadata":{"emulator":{"name":"functions"},"message":"[runtime-status] [49731] Disabled runtime features: undefined"}}
[debug] [2021-07-21T23:10:52.153Z] [runtime-status] [49731] Resolved module firebase-admin {"declared":true,"installed":true,"version":"9.10.0","resolution":"/Users/arpirai/Downloads/Home_Arpit/HealthyBooker/healthy_bookar.com/functions/node_modules/firebase-admin/lib/index.js"} {"metadata":{"emulator":{"name":"functions"},"message":"[runtime-status] [49731] Resolved module firebase-admin {\"declared\":true,\"installed\":true,\"version\":\"9.10.0\",\"resolution\":\"/Users/arpirai/Downloads/Home_Arpit/HealthyBooker/healthy_bookar.com/functions/node_modules/firebase-admin/lib/index.js\"}"}}
[debug] [2021-07-21T23:10:52.165Z] [runtime-status] [49731] Resolved module firebase-functions {"declared":true,"installed":true,"version":"3.14.1","resolution":"/Users/arpirai/Downloads/Home_Arpit/HealthyBooker/healthy_bookar.com/functions/node_modules/firebase-functions/lib/index.js"} {"metadata":{"emulator":{"name":"functions"},"message":"[runtime-status] [49731] Resolved module firebase-functions {\"declared\":true,\"installed\":true,\"version\":\"3.14.1\",\"resolution\":\"/Users/arpirai/Downloads/Home_Arpit/HealthyBooker/healthy_bookar.com/functions/node_modules/firebase-functions/lib/index.js\"}"}}
[debug] [2021-07-21T23:10:52.167Z] [runtime-status] [49731] Resolved module firebase-functions {"declared":true,"installed":true,"version":"3.14.1","resolution":"/Users/arpirai/Downloads/Home_Arpit/HealthyBooker/healthy_bookar.com/functions/node_modules/firebase-functions/lib/index.js"} {"metadata":{"emulator":{"name":"functions"},"message":"[runtime-status] [49731] Resolved module firebase-functions {\"declared\":true,\"installed\":true,\"version\":\"3.14.1\",\"resolution\":\"/Users/arpirai/Downloads/Home_Arpit/HealthyBooker/healthy_bookar.com/functions/node_modules/firebase-functions/lib/index.js\"}"}}
[debug] [2021-07-21T23:10:52.169Z] [runtime-status] [49731] Outgoing network have been stubbed. [{"name":"http","status":"mocked"},{"name":"http","status":"mocked"},{"name":"https","status":"mocked"},{"name":"https","status":"mocked"},{"name":"net","status":"mocked"}] {"metadata":{"emulator":{"name":"functions"},"message":"[runtime-status] [49731] Outgoing network have been stubbed. [{\"name\":\"http\",\"status\":\"mocked\"},{\"name\":\"http\",\"status\":\"mocked\"},{\"name\":\"https\",\"status\":\"mocked\"},{\"name\":\"https\",\"status\":\"mocked\"},{\"name\":\"net\",\"status\":\"mocked\"}]"}}
[debug] [2021-07-21T23:10:52.170Z] [runtime-status] [49731] Resolved module firebase-functions {"declared":true,"installed":true,"version":"3.14.1","resolution":"/Users/arpirai/Downloads/Home_Arpit/HealthyBooker/healthy_bookar.com/functions/node_modules/firebase-functions/lib/index.js"} {"metadata":{"emulator":{"name":"functions"},"message":"[runtime-status] [49731] Resolved module firebase-functions {\"declared\":true,\"installed\":true,\"version\":\"3.14.1\",\"resolution\":\"/Users/arpirai/Downloads/Home_Arpit/HealthyBooker/healthy_bookar.com/functions/node_modules/firebase-functions/lib/index.js\"}"}}
[debug] [2021-07-21T23:10:53.556Z] [runtime-status] [49731] Checked functions.config() {"config":{}} {"metadata":{"emulator":{"name":"functions"},"message":"[runtime-status] [49731] Checked functions.config() {\"config\":{}}"}}
[debug] [2021-07-21T23:10:53.557Z] [runtime-status] [49731] firebase-functions has been stubbed. {"functionsResolution":{"declared":true,"installed":true,"version":"3.14.1","resolution":"/Users/arpirai/Downloads/Home_Arpit/HealthyBooker/healthy_bookar.com/functions/node_modules/firebase-functions/lib/index.js"}} {"metadata":{"emulator":{"name":"functions"},"message":"[runtime-status] [49731] firebase-functions has been stubbed. {\"functionsResolution\":{\"declared\":true,\"installed\":true,\"version\":\"3.14.1\",\"resolution\":\"/Users/arpirai/Downloads/Home_Arpit/HealthyBooker/healthy_bookar.com/functions/node_modules/firebase-functions/lib/index.js\"}}"}}
[debug] [2021-07-21T23:10:53.557Z] [runtime-status] [49731] Resolved module firebase-functions {"declared":true,"installed":true,"version":"3.14.1","resolution":"/Users/arpirai/Downloads/Home_Arpit/HealthyBooker/healthy_bookar.com/functions/node_modules/firebase-functions/lib/index.js"} {"metadata":{"emulator":{"name":"functions"},"message":"[runtime-status] [49731] Resolved module firebase-functions {\"declared\":true,\"installed\":true,\"version\":\"3.14.1\",\"resolution\":\"/Users/arpirai/Downloads/Home_Arpit/HealthyBooker/healthy_bookar.com/functions/node_modules/firebase-functions/lib/index.js\"}"}}
[debug] [2021-07-21T23:10:53.558Z] [runtime-status] [49731] Resolved module firebase-admin {"declared":true,"installed":true,"version":"9.10.0","resolution":"/Users/arpirai/Downloads/Home_Arpit/HealthyBooker/healthy_bookar.com/functions/node_modules/firebase-admin/lib/index.js"} {"metadata":{"emulator":{"name":"functions"},"message":"[runtime-status] [49731] Resolved module firebase-admin {\"declared\":true,\"installed\":true,\"version\":\"9.10.0\",\"resolution\":\"/Users/arpirai/Downloads/Home_Arpit/HealthyBooker/healthy_bookar.com/functions/node_modules/firebase-admin/lib/index.js\"}"}}
[debug] [2021-07-21T23:10:53.559Z] [runtime-status] [49731] Resolved module firebase-functions {"declared":true,"installed":true,"version":"3.14.1","resolution":"/Users/arpirai/Downloads/Home_Arpit/HealthyBooker/healthy_bookar.com/functions/node_modules/firebase-functions/lib/index.js"} {"metadata":{"emulator":{"name":"functions"},"message":"[runtime-status] [49731] Resolved module firebase-functions {\"declared\":true,\"installed\":true,\"version\":\"3.14.1\",\"resolution\":\"/Users/arpirai/Downloads/Home_Arpit/HealthyBooker/healthy_bookar.com/functions/node_modules/firebase-functions/lib/index.js\"}"}}
[debug] [2021-07-21T23:10:53.559Z] [runtime-status] [49731] firebase-admin has been stubbed. {"adminResolution":{"declared":true,"installed":true,"version":"9.10.0","resolution":"/Users/arpirai/Downloads/Home_Arpit/HealthyBooker/healthy_bookar.com/functions/node_modules/firebase-admin/lib/index.js"}} {"metadata":{"emulator":{"name":"functions"},"message":"[runtime-status] [49731] firebase-admin has been stubbed. {\"adminResolution\":{\"declared\":true,\"installed\":true,\"version\":\"9.10.0\",\"resolution\":\"/Users/arpirai/Downloads/Home_Arpit/HealthyBooker/healthy_bookar.com/functions/node_modules/firebase-admin/lib/index.js\"}}"}}
[info] ✔  functions[us-central1-api]: http function initialized (http://localhost:5001/healthybookar/us-central1/api). {"metadata":{"emulator":{"name":"functions"},"message":"\u001b[1mhttp\u001b[22m function initialized (http://localhost:5001/healthybookar/us-central1/api)."}}
[info] 
┌─────────────────────────────────────────────────────────────┐
│ ✔  All emulators ready! It is now safe to connect your app. │
│ i  View Emulator UI at http://localhost:4000                │
└─────────────────────────────────────────────────────────────┘

┌───────────┬────────────────┬─────────────────────────────────┐
│ Emulator  │ Host:Port      │ View in Emulator UI             │
├───────────┼────────────────┼─────────────────────────────────┤
│ Functions │ localhost:5001 │ http://localhost:4000/functions │
└───────────┴────────────────┴─────────────────────────────────┘
  Emulator Hub running at localhost:4400
  Other reserved ports: 4500

Issues? Report them at https://github.com/firebase/firebase-tools/issues and attach the *-debug.log files.
 
[debug] [2021-07-21T23:11:00.203Z] [worker-~diagnostic~-20b87386-fd82-452e-b866-d7c97d28a11e]: IDLE {"metadata":{"emulator":{"name":"functions"},"message":"[worker-~diagnostic~-20b87386-fd82-452e-b866-d7c97d28a11e]: IDLE"}}
[debug] [2021-07-21T23:12:05.555Z] [work-queue] {"queueLength":1,"workRunningCount":0}
[debug] [2021-07-21T23:12:05.556Z] [work-queue] {"queueLength":0,"workRunningCount":1}
[debug] [2021-07-21T23:12:05.556Z] Accepted request POST /healthybookar/us-central1/api/payments/create?total=239600 --> us-central1-api
[debug] [2021-07-21T23:12:05.561Z] [worker-pool] addWorker(us-central1-api) {"metadata":{"emulator":{"name":"functions"},"message":"[worker-pool] addWorker(us-central1-api)"}}
[debug] [2021-07-21T23:12:05.562Z] [worker-pool] Adding worker with key us-central1-api, total=1 {"metadata":{"emulator":{"name":"functions"},"message":"[worker-pool] Adding worker with key us-central1-api, total=1"}}
[debug] [2021-07-21T23:12:05.562Z] [worker-pool] submitWork(triggerId=us-central1-api) {"metadata":{"emulator":{"name":"functions"},"message":"[worker-pool] submitWork(triggerId=us-central1-api)"}}
[debug] [2021-07-21T23:12:05.562Z] [worker-us-central1-api-3b51956a-daf3-4db6-b8e6-b3ee816f8920]: Assigning socketPath: /var/folders/j0/5_n15szj493814hxjjkm6s300000gn/T/fire_emu_49766.sock {"metadata":{"emulator":{"name":"functions"},"message":"[worker-us-central1-api-3b51956a-daf3-4db6-b8e6-b3ee816f8920]: Assigning socketPath: /var/folders/j0/5_n15szj493814hxjjkm6s300000gn/T/fire_emu_49766.sock"}}
[debug] [2021-07-21T23:12:05.562Z] [worker-us-central1-api-3b51956a-daf3-4db6-b8e6-b3ee816f8920]: BUSY {"metadata":{"emulator":{"name":"functions"},"message":"[worker-us-central1-api-3b51956a-daf3-4db6-b8e6-b3ee816f8920]: BUSY"}}
[debug] [2021-07-21T23:12:05.778Z] [runtime-status] [49766] Functions runtime initialized. {"cwd":"/Users/arpirai/Downloads/Home_Arpit/HealthyBooker/healthy_bookar.com/functions","node_version":"14.13.1"} {"metadata":{"emulator":{"name":"functions"},"function":{"name":"us-central1-api"},"message":"[runtime-status] [49766] Functions runtime initialized. {\"cwd\":\"/Users/arpirai/Downloads/Home_Arpit/HealthyBooker/healthy_bookar.com/functions\",\"node_version\":\"14.13.1\"}"}}
[debug] [2021-07-21T23:12:05.779Z] [runtime-status] [49766] Disabled runtime features: undefined {"metadata":{"emulator":{"name":"functions"},"function":{"name":"us-central1-api"},"message":"[runtime-status] [49766] Disabled runtime features: undefined"}}
[debug] [2021-07-21T23:12:05.782Z] [runtime-status] [49766] Resolved module firebase-admin {"declared":true,"installed":true,"version":"9.10.0","resolution":"/Users/arpirai/Downloads/Home_Arpit/HealthyBooker/healthy_bookar.com/functions/node_modules/firebase-admin/lib/index.js"} {"metadata":{"emulator":{"name":"functions"},"function":{"name":"us-central1-api"},"message":"[runtime-status] [49766] Resolved module firebase-admin {\"declared\":true,\"installed\":true,\"version\":\"9.10.0\",\"resolution\":\"/Users/arpirai/Downloads/Home_Arpit/HealthyBooker/healthy_bookar.com/functions/node_modules/firebase-admin/lib/index.js\"}"}}
[debug] [2021-07-21T23:12:05.783Z] [runtime-status] [49766] Resolved module firebase-functions {"declared":true,"installed":true,"version":"3.14.1","resolution":"/Users/arpirai/Downloads/Home_Arpit/HealthyBooker/healthy_bookar.com/functions/node_modules/firebase-functions/lib/index.js"} {"metadata":{"emulator":{"name":"functions"},"function":{"name":"us-central1-api"},"message":"[runtime-status] [49766] Resolved module firebase-functions {\"declared\":true,\"installed\":true,\"version\":\"3.14.1\",\"resolution\":\"/Users/arpirai/Downloads/Home_Arpit/HealthyBooker/healthy_bookar.com/functions/node_modules/firebase-functions/lib/index.js\"}"}}
[debug] [2021-07-21T23:12:05.785Z] [runtime-status] [49766] Resolved module firebase-functions {"declared":true,"installed":true,"version":"3.14.1","resolution":"/Users/arpirai/Downloads/Home_Arpit/HealthyBooker/healthy_bookar.com/functions/node_modules/firebase-functions/lib/index.js"} {"metadata":{"emulator":{"name":"functions"},"function":{"name":"us-central1-api"},"message":"[runtime-status] [49766] Resolved module firebase-functions {\"declared\":true,\"installed\":true,\"version\":\"3.14.1\",\"resolution\":\"/Users/arpirai/Downloads/Home_Arpit/HealthyBooker/healthy_bookar.com/functions/node_modules/firebase-functions/lib/index.js\"}"}}
[debug] [2021-07-21T23:12:05.787Z] [runtime-status] [49766] Outgoing network have been stubbed. [{"name":"http","status":"mocked"},{"name":"http","status":"mocked"},{"name":"https","status":"mocked"},{"name":"https","status":"mocked"},{"name":"net","status":"mocked"}] {"metadata":{"emulator":{"name":"functions"},"function":{"name":"us-central1-api"},"message":"[runtime-status] [49766] Outgoing network have been stubbed. [{\"name\":\"http\",\"status\":\"mocked\"},{\"name\":\"http\",\"status\":\"mocked\"},{\"name\":\"https\",\"status\":\"mocked\"},{\"name\":\"https\",\"status\":\"mocked\"},{\"name\":\"net\",\"status\":\"mocked\"}]"}}
[debug] [2021-07-21T23:12:05.788Z] [runtime-status] [49766] Resolved module firebase-functions {"declared":true,"installed":true,"version":"3.14.1","resolution":"/Users/arpirai/Downloads/Home_Arpit/HealthyBooker/healthy_bookar.com/functions/node_modules/firebase-functions/lib/index.js"} {"metadata":{"emulator":{"name":"functions"},"function":{"name":"us-central1-api"},"message":"[runtime-status] [49766] Resolved module firebase-functions {\"declared\":true,\"installed\":true,\"version\":\"3.14.1\",\"resolution\":\"/Users/arpirai/Downloads/Home_Arpit/HealthyBooker/healthy_bookar.com/functions/node_modules/firebase-functions/lib/index.js\"}"}}
[debug] [2021-07-21T23:12:05.835Z] [runtime-status] [49766] Checked functions.config() {"config":{}} {"metadata":{"emulator":{"name":"functions"},"function":{"name":"us-central1-api"},"message":"[runtime-status] [49766] Checked functions.config() {\"config\":{}}"}}
[debug] [2021-07-21T23:12:05.835Z] [runtime-status] [49766] firebase-functions has been stubbed. {"functionsResolution":{"declared":true,"installed":true,"version":"3.14.1","resolution":"/Users/arpirai/Downloads/Home_Arpit/HealthyBooker/healthy_bookar.com/functions/node_modules/firebase-functions/lib/index.js"}} {"metadata":{"emulator":{"name":"functions"},"function":{"name":"us-central1-api"},"message":"[runtime-status] [49766] firebase-functions has been stubbed. {\"functionsResolution\":{\"declared\":true,\"installed\":true,\"version\":\"3.14.1\",\"resolution\":\"/Users/arpirai/Downloads/Home_Arpit/HealthyBooker/healthy_bookar.com/functions/node_modules/firebase-functions/lib/index.js\"}}"}}
[debug] [2021-07-21T23:12:05.836Z] [runtime-status] [49766] Resolved module firebase-functions {"declared":true,"installed":true,"version":"3.14.1","resolution":"/Users/arpirai/Downloads/Home_Arpit/HealthyBooker/healthy_bookar.com/functions/node_modules/firebase-functions/lib/index.js"} {"metadata":{"emulator":{"name":"functions"},"function":{"name":"us-central1-api"},"message":"[runtime-status] [49766] Resolved module firebase-functions {\"declared\":true,\"installed\":true,\"version\":\"3.14.1\",\"resolution\":\"/Users/arpirai/Downloads/Home_Arpit/HealthyBooker/healthy_bookar.com/functions/node_modules/firebase-functions/lib/index.js\"}"}}
[debug] [2021-07-21T23:12:05.839Z] [runtime-status] [49766] Resolved module firebase-admin {"declared":true,"installed":true,"version":"9.10.0","resolution":"/Users/arpirai/Downloads/Home_Arpit/HealthyBooker/healthy_bookar.com/functions/node_modules/firebase-admin/lib/index.js"} {"metadata":{"emulator":{"name":"functions"},"function":{"name":"us-central1-api"},"message":"[runtime-status] [49766] Resolved module firebase-admin {\"declared\":true,\"installed\":true,\"version\":\"9.10.0\",\"resolution\":\"/Users/arpirai/Downloads/Home_Arpit/HealthyBooker/healthy_bookar.com/functions/node_modules/firebase-admin/lib/index.js\"}"}}
[debug] [2021-07-21T23:12:05.839Z] [runtime-status] [49766] Resolved module firebase-functions {"declared":true,"installed":true,"version":"3.14.1","resolution":"/Users/arpirai/Downloads/Home_Arpit/HealthyBooker/healthy_bookar.com/functions/node_modules/firebase-functions/lib/index.js"} {"metadata":{"emulator":{"name":"functions"},"function":{"name":"us-central1-api"},"message":"[runtime-status] [49766] Resolved module firebase-functions {\"declared\":true,\"installed\":true,\"version\":\"3.14.1\",\"resolution\":\"/Users/arpirai/Downloads/Home_Arpit/HealthyBooker/healthy_bookar.com/functions/node_modules/firebase-functions/lib/index.js\"}"}}
[debug] [2021-07-21T23:12:05.839Z] [runtime-status] [49766] firebase-admin has been stubbed. {"adminResolution":{"declared":true,"installed":true,"version":"9.10.0","resolution":"/Users/arpirai/Downloads/Home_Arpit/HealthyBooker/healthy_bookar.com/functions/node_modules/firebase-admin/lib/index.js"}} {"metadata":{"emulator":{"name":"functions"},"function":{"name":"us-central1-api"},"message":"[runtime-status] [49766] firebase-admin has been stubbed. {\"adminResolution\":{\"declared\":true,\"installed\":true,\"version\":\"9.10.0\",\"resolution\":\"/Users/arpirai/Downloads/Home_Arpit/HealthyBooker/healthy_bookar.com/functions/node_modules/firebase-admin/lib/index.js\"}}"}}
[debug] [2021-07-21T23:12:06.026Z] [runtime-status] [49766] Trigger "us-central1-api" has been found, beginning invocation! {"metadata":{"emulator":{"name":"functions"},"function":{"name":"us-central1-api"},"message":"[runtime-status] [49766] Trigger \"us-central1-api\" has been found, beginning invocation!"}}
[info] i  functions: Beginning execution of "us-central1-api" {"metadata":{"emulator":{"name":"functions"},"function":{"name":"us-central1-api"},"message":"Beginning execution of \"us-central1-api\""}}
[debug] [2021-07-21T23:12:06.027Z] [runtime-status] [49766] triggerDefinition {"httpsTrigger":{},"name":"api","entryPoint":"api","regions":["us-central1"],"region":"us-central1","id":"us-central1-api"} {"metadata":{"emulator":{"name":"functions"},"function":{"name":"us-central1-api"},"message":"[runtime-status] [49766] triggerDefinition {\"httpsTrigger\":{},\"name\":\"api\",\"entryPoint\":\"api\",\"regions\":[\"us-central1\"],\"region\":\"us-central1\",\"id\":\"us-central1-api\"}"}}
[debug] [2021-07-21T23:12:06.027Z] [runtime-status] [49766] Running us-central1-api in mode HTTPS {"metadata":{"emulator":{"name":"functions"},"function":{"name":"us-central1-api"},"message":"[runtime-status] [49766] Running us-central1-api in mode HTTPS"}}
[debug] [2021-07-21T23:12:06.030Z] [runtime-status] [49766] Attempting to listen to socketPath: /var/folders/j0/5_n15szj493814hxjjkm6s300000gn/T/fire_emu_49766.sock {"metadata":{"emulator":{"name":"functions"},"function":{"name":"us-central1-api"},"message":"[runtime-status] [49766] Attempting to listen to socketPath: /var/folders/j0/5_n15szj493814hxjjkm6s300000gn/T/fire_emu_49766.sock"}}
[debug] [2021-07-21T23:12:06.054Z] [functions] Runtime ready! Sending request! {"metadata":{"emulator":{"name":"functions"},"message":"[functions] Runtime ready! Sending request!"}}
[debug] [2021-07-21T23:12:06.056Z] [functions] Got req.url=/healthybookar/us-central1/api/payments/create?total=239600, mapping to path=/payments/create?total=239600 {"metadata":{"emulator":{"name":"functions"},"message":"[functions] Got req.url=/healthybookar/us-central1/api/payments/create?total=239600, mapping to path=/payments/create?total=239600"}}
[debug] [2021-07-21T23:12:06.065Z] [runtime-status] [49766] Ephemeral server handling POST request {"metadata":{"emulator":{"name":"functions"},"function":{"name":"us-central1-api"},"message":"[runtime-status] [49766] Ephemeral server handling POST request"}}
[info] >  Payment Request Received BOOM! For amount >>> 239600 {"user":"Payment Request Received BOOM! For amount >>> 239600","metadata":{"emulator":{"name":"functions"},"function":{"name":"us-central1-api"},"message":"\u001b[90m> \u001b[39m Payment Request Received BOOM! For amount >>> 239600"}}
[debug] [2021-07-21T23:12:06.078Z] [runtime-status] [49766] Ephemeral server survived. {"metadata":{"emulator":{"name":"functions"},"function":{"name":"us-central1-api"},"message":"[runtime-status] [49766] Ephemeral server survived."}}
[info] i  functions: Finished "us-central1-api" in ~1s {"metadata":{"emulator":{"name":"functions"},"function":{"name":"us-central1-api"},"message":"Finished \"us-central1-api\" in ~1s"}}
[debug] [2021-07-21T23:12:07.263Z] [worker-us-central1-api-3b51956a-daf3-4db6-b8e6-b3ee816f8920]: IDLE {"metadata":{"emulator":{"name":"functions"},"message":"[worker-us-central1-api-3b51956a-daf3-4db6-b8e6-b3ee816f8920]: IDLE"}}
[debug] [2021-07-21T23:12:07.263Z] [work-queue] {"queueLength":0,"workRunningCount":0}
[debug] [2021-07-21T23:15:29.883Z] [work-queue] {"queueLength":1,"workRunningCount":0}
[debug] [2021-07-21T23:15:29.884Z] [work-queue] {"queueLength":0,"workRunningCount":1}
[debug] [2021-07-21T23:15:29.884Z] Accepted request POST /healthybookar/us-central1/api/payments/create?total=448200 --> us-central1-api
[debug] [2021-07-21T23:15:29.884Z] [worker-pool] submitWork(triggerId=us-central1-api) {"metadata":{"emulator":{"name":"functions"},"message":"[worker-pool] submitWork(triggerId=us-central1-api)"}}
[debug] [2021-07-21T23:15:29.885Z] [worker-us-central1-api-3b51956a-daf3-4db6-b8e6-b3ee816f8920]: Assigning socketPath: /var/folders/j0/5_n15szj493814hxjjkm6s300000gn/T/fire_emu_49766.sock {"metadata":{"emulator":{"name":"functions"},"message":"[worker-us-central1-api-3b51956a-daf3-4db6-b8e6-b3ee816f8920]: Assigning socketPath: /var/folders/j0/5_n15szj493814hxjjkm6s300000gn/T/fire_emu_49766.sock"}}
[debug] [2021-07-21T23:15:29.886Z] [worker-us-central1-api-3b51956a-daf3-4db6-b8e6-b3ee816f8920]: BUSY {"metadata":{"emulator":{"name":"functions"},"message":"[worker-us-central1-api-3b51956a-daf3-4db6-b8e6-b3ee816f8920]: BUSY"}}
[debug] [2021-07-21T23:15:29.887Z] [runtime-status] [49766] Trigger "us-central1-api" has been found, beginning invocation! {"metadata":{"emulator":{"name":"functions"},"function":{"name":"us-central1-api"},"message":"[runtime-status] [49766] Trigger \"us-central1-api\" has been found, beginning invocation!"}}
[info] i  functions: Beginning execution of "us-central1-api" {"metadata":{"emulator":{"name":"functions"},"function":{"name":"us-central1-api"},"message":"Beginning execution of \"us-central1-api\""}}
[debug] [2021-07-21T23:15:29.888Z] [runtime-status] [49766] triggerDefinition {"httpsTrigger":{},"name":"api","entryPoint":"api","regions":["us-central1"],"region":"us-central1","id":"us-central1-api"} {"metadata":{"emulator":{"name":"functions"},"function":{"name":"us-central1-api"},"message":"[runtime-status] [49766] triggerDefinition {\"httpsTrigger\":{},\"name\":\"api\",\"entryPoint\":\"api\",\"regions\":[\"us-central1\"],\"region\":\"us-central1\",\"id\":\"us-central1-api\"}"}}
[debug] [2021-07-21T23:15:29.888Z] [runtime-status] [49766] Running us-central1-api in mode HTTPS {"metadata":{"emulator":{"name":"functions"},"function":{"name":"us-central1-api"},"message":"[runtime-status] [49766] Running us-central1-api in mode HTTPS"}}
[debug] [2021-07-21T23:15:29.888Z] [runtime-status] [49766] Attempting to listen to socketPath: /var/folders/j0/5_n15szj493814hxjjkm6s300000gn/T/fire_emu_49766.sock {"metadata":{"emulator":{"name":"functions"},"function":{"name":"us-central1-api"},"message":"[runtime-status] [49766] Attempting to listen to socketPath: /var/folders/j0/5_n15szj493814hxjjkm6s300000gn/T/fire_emu_49766.sock"}}
[debug] [2021-07-21T23:15:29.889Z] [functions] Runtime ready! Sending request! {"metadata":{"emulator":{"name":"functions"},"message":"[functions] Runtime ready! Sending request!"}}
[debug] [2021-07-21T23:15:29.889Z] [functions] Got req.url=/healthybookar/us-central1/api/payments/create?total=448200, mapping to path=/payments/create?total=448200 {"metadata":{"emulator":{"name":"functions"},"message":"[functions] Got req.url=/healthybookar/us-central1/api/payments/create?total=448200, mapping to path=/payments/create?total=448200"}}
[debug] [2021-07-21T23:15:29.895Z] [runtime-status] [49766] Ephemeral server handling POST request {"metadata":{"emulator":{"name":"functions"},"function":{"name":"us-central1-api"},"message":"[runtime-status] [49766] Ephemeral server handling POST request"}}
[debug] [2021-07-21T23:15:29.895Z] [runtime-status] [49766] Ephemeral server survived. {"metadata":{"emulator":{"name":"functions"},"function":{"name":"us-central1-api"},"message":"[runtime-status] [49766] Ephemeral server survived."}}
[info] >  Payment Request Received BOOM! For amount >>> 448200 {"user":"Payment Request Received BOOM! For amount >>> 448200","metadata":{"emulator":{"name":"functions"},"function":{"name":"us-central1-api"},"message":"\u001b[90m> \u001b[39m Payment Request Received BOOM! For amount >>> 448200"}}
[info] i  functions: Finished "us-central1-api" in ~1s {"metadata":{"emulator":{"name":"functions"},"function":{"name":"us-central1-api"},"message":"Finished \"us-central1-api\" in ~1s"}}
[debug] [2021-07-21T23:15:30.602Z] [worker-us-central1-api-3b51956a-daf3-4db6-b8e6-b3ee816f8920]: IDLE {"metadata":{"emulator":{"name":"functions"},"message":"[worker-us-central1-api-3b51956a-daf3-4db6-b8e6-b3ee816f8920]: IDLE"}}
[debug] [2021-07-21T23:15:30.602Z] [work-queue] {"queueLength":0,"workRunningCount":0}
[debug] [2021-07-21T23:17:53.631Z] [work-queue] {"queueLength":1,"workRunningCount":0}
[debug] [2021-07-21T23:17:53.631Z] [work-queue] {"queueLength":0,"workRunningCount":1}
[debug] [2021-07-21T23:17:53.631Z] Accepted request POST /healthybookar/us-central1/api/payments/create?total=448200 --> us-central1-api
[debug] [2021-07-21T23:17:53.632Z] [worker-pool] submitWork(triggerId=us-central1-api) {"metadata":{"emulator":{"name":"functions"},"message":"[worker-pool] submitWork(triggerId=us-central1-api)"}}
[debug] [2021-07-21T23:17:53.632Z] [worker-us-central1-api-3b51956a-daf3-4db6-b8e6-b3ee816f8920]: Assigning socketPath: /var/folders/j0/5_n15szj493814hxjjkm6s300000gn/T/fire_emu_49766.sock {"metadata":{"emulator":{"name":"functions"},"message":"[worker-us-central1-api-3b51956a-daf3-4db6-b8e6-b3ee816f8920]: Assigning socketPath: /var/folders/j0/5_n15szj493814hxjjkm6s300000gn/T/fire_emu_49766.sock"}}
[debug] [2021-07-21T23:17:53.632Z] [worker-us-central1-api-3b51956a-daf3-4db6-b8e6-b3ee816f8920]: BUSY {"metadata":{"emulator":{"name":"functions"},"message":"[worker-us-central1-api-3b51956a-daf3-4db6-b8e6-b3ee816f8920]: BUSY"}}
[debug] [2021-07-21T23:17:53.632Z] [runtime-status] [49766] Trigger "us-central1-api" has been found, beginning invocation! {"metadata":{"emulator":{"name":"functions"},"function":{"name":"us-central1-api"},"message":"[runtime-status] [49766] Trigger \"us-central1-api\" has been found, beginning invocation!"}}
[info] i  functions: Beginning execution of "us-central1-api" {"metadata":{"emulator":{"name":"functions"},"function":{"name":"us-central1-api"},"message":"Beginning execution of \"us-central1-api\""}}
[debug] [2021-07-21T23:17:53.633Z] [runtime-status] [49766] triggerDefinition {"httpsTrigger":{},"name":"api","entryPoint":"api","regions":["us-central1"],"region":"us-central1","id":"us-central1-api"} {"metadata":{"emulator":{"name":"functions"},"function":{"name":"us-central1-api"},"message":"[runtime-status] [49766] triggerDefinition {\"httpsTrigger\":{},\"name\":\"api\",\"entryPoint\":\"api\",\"regions\":[\"us-central1\"],\"region\":\"us-central1\",\"id\":\"us-central1-api\"}"}}
[debug] [2021-07-21T23:17:53.633Z] [runtime-status] [49766] Running us-central1-api in mode HTTPS {"metadata":{"emulator":{"name":"functions"},"function":{"name":"us-central1-api"},"message":"[runtime-status] [49766] Running us-central1-api in mode HTTPS"}}
[debug] [2021-07-21T23:17:53.633Z] [runtime-status] [49766] Attempting to listen to socketPath: /var/folders/j0/5_n15szj493814hxjjkm6s300000gn/T/fire_emu_49766.sock {"metadata":{"emulator":{"name":"functions"},"function":{"name":"us-central1-api"},"message":"[runtime-status] [49766] Attempting to listen to socketPath: /var/folders/j0/5_n15szj493814hxjjkm6s300000gn/T/fire_emu_49766.sock"}}
[debug] [2021-07-21T23:17:53.635Z] [functions] Runtime ready! Sending request! {"metadata":{"emulator":{"name":"functions"},"message":"[functions] Runtime ready! Sending request!"}}
[debug] [2021-07-21T23:17:53.635Z] [functions] Got req.url=/healthybookar/us-central1/api/payments/create?total=448200, mapping to path=/payments/create?total=448200 {"metadata":{"emulator":{"name":"functions"},"message":"[functions] Got req.url=/healthybookar/us-central1/api/payments/create?total=448200, mapping to path=/payments/create?total=448200"}}
[debug] [2021-07-21T23:17:53.640Z] [runtime-status] [49766] Ephemeral server handling POST request {"metadata":{"emulator":{"name":"functions"},"function":{"name":"us-central1-api"},"message":"[runtime-status] [49766] Ephemeral server handling POST request"}}
[debug] [2021-07-21T23:17:53.640Z] [runtime-status] [49766] Ephemeral server survived. {"metadata":{"emulator":{"name":"functions"},"function":{"name":"us-central1-api"},"message":"[runtime-status] [49766] Ephemeral server survived."}}
[info] >  Payment Request Received BOOM! For amount >>> 448200 {"user":"Payment Request Received BOOM! For amount >>> 448200","metadata":{"emulator":{"name":"functions"},"function":{"name":"us-central1-api"},"message":"\u001b[90m> \u001b[39m Payment Request Received BOOM! For amount >>> 448200"}}
[info] i  functions: Finished "us-central1-api" in ~1s {"metadata":{"emulator":{"name":"functions"},"function":{"name":"us-central1-api"},"message":"Finished \"us-central1-api\" in ~1s"}}
[debug] [2021-07-21T23:17:54.169Z] [worker-us-central1-api-3b51956a-daf3-4db6-b8e6-b3ee816f8920]: IDLE {"metadata":{"emulator":{"name":"functions"},"message":"[worker-us-central1-api-3b51956a-daf3-4db6-b8e6-b3ee816f8920]: IDLE"}}
[debug] [2021-07-21T23:17:54.169Z] [work-queue] {"queueLength":0,"workRunningCount":0}
[debug] [2021-07-21T23:20:47.901Z] [work-queue] {"queueLength":1,"workRunningCount":0}
[debug] [2021-07-21T23:20:47.901Z] [work-queue] {"queueLength":0,"workRunningCount":1}
[debug] [2021-07-21T23:20:47.901Z] Accepted request POST /healthybookar/us-central1/api/payments/create?total=448200 --> us-central1-api
[debug] [2021-07-21T23:20:47.901Z] [worker-pool] submitWork(triggerId=us-central1-api) {"metadata":{"emulator":{"name":"functions"},"message":"[worker-pool] submitWork(triggerId=us-central1-api)"}}
[debug] [2021-07-21T23:20:47.902Z] [worker-us-central1-api-3b51956a-daf3-4db6-b8e6-b3ee816f8920]: Assigning socketPath: /var/folders/j0/5_n15szj493814hxjjkm6s300000gn/T/fire_emu_49766.sock {"metadata":{"emulator":{"name":"functions"},"message":"[worker-us-central1-api-3b51956a-daf3-4db6-b8e6-b3ee816f8920]: Assigning socketPath: /var/folders/j0/5_n15szj493814hxjjkm6s300000gn/T/fire_emu_49766.sock"}}
[debug] [2021-07-21T23:20:47.902Z] [worker-us-central1-api-3b51956a-daf3-4db6-b8e6-b3ee816f8920]: BUSY {"metadata":{"emulator":{"name":"functions"},"message":"[worker-us-central1-api-3b51956a-daf3-4db6-b8e6-b3ee816f8920]: BUSY"}}
[debug] [2021-07-21T23:20:47.903Z] [runtime-status] [49766] Trigger "us-central1-api" has been found, beginning invocation! {"metadata":{"emulator":{"name":"functions"},"function":{"name":"us-central1-api"},"message":"[runtime-status] [49766] Trigger \"us-central1-api\" has been found, beginning invocation!"}}
[info] i  functions: Beginning execution of "us-central1-api" {"metadata":{"emulator":{"name":"functions"},"function":{"name":"us-central1-api"},"message":"Beginning execution of \"us-central1-api\""}}
[debug] [2021-07-21T23:20:47.904Z] [runtime-status] [49766] triggerDefinition {"httpsTrigger":{},"name":"api","entryPoint":"api","regions":["us-central1"],"region":"us-central1","id":"us-central1-api"} {"metadata":{"emulator":{"name":"functions"},"function":{"name":"us-central1-api"},"message":"[runtime-status] [49766] triggerDefinition {\"httpsTrigger\":{},\"name\":\"api\",\"entryPoint\":\"api\",\"regions\":[\"us-central1\"],\"region\":\"us-central1\",\"id\":\"us-central1-api\"}"}}
[debug] [2021-07-21T23:20:47.904Z] [runtime-status] [49766] Running us-central1-api in mode HTTPS {"metadata":{"emulator":{"name":"functions"},"function":{"name":"us-central1-api"},"message":"[runtime-status] [49766] Running us-central1-api in mode HTTPS"}}
[debug] [2021-07-21T23:20:47.904Z] [runtime-status] [49766] Attempting to listen to socketPath: /var/folders/j0/5_n15szj493814hxjjkm6s300000gn/T/fire_emu_49766.sock {"metadata":{"emulator":{"name":"functions"},"function":{"name":"us-central1-api"},"message":"[runtime-status] [49766] Attempting to listen to socketPath: /var/folders/j0/5_n15szj493814hxjjkm6s300000gn/T/fire_emu_49766.sock"}}
[debug] [2021-07-21T23:20:47.905Z] [functions] Runtime ready! Sending request! {"metadata":{"emulator":{"name":"functions"},"message":"[functions] Runtime ready! Sending request!"}}
[debug] [2021-07-21T23:20:47.905Z] [functions] Got req.url=/healthybookar/us-central1/api/payments/create?total=448200, mapping to path=/payments/create?total=448200 {"metadata":{"emulator":{"name":"functions"},"message":"[functions] Got req.url=/healthybookar/us-central1/api/payments/create?total=448200, mapping to path=/payments/create?total=448200"}}
[debug] [2021-07-21T23:20:47.909Z] [runtime-status] [49766] Ephemeral server handling POST request {"metadata":{"emulator":{"name":"functions"},"function":{"name":"us-central1-api"},"message":"[runtime-status] [49766] Ephemeral server handling POST request"}}
[info] >  Payment Request Received BOOM! For amount >>> 448200 {"user":"Payment Request Received BOOM! For amount >>> 448200","metadata":{"emulator":{"name":"functions"},"function":{"name":"us-central1-api"},"message":"\u001b[90m> \u001b[39m Payment Request Received BOOM! For amount >>> 448200"}}
[debug] [2021-07-21T23:20:47.911Z] [runtime-status] [49766] Ephemeral server survived. {"metadata":{"emulator":{"name":"functions"},"function":{"name":"us-central1-api"},"message":"[runtime-status] [49766] Ephemeral server survived."}}
[info] i  functions: Finished "us-central1-api" in ~1s {"metadata":{"emulator":{"name":"functions"},"function":{"name":"us-central1-api"},"message":"Finished \"us-central1-api\" in ~1s"}}
[debug] [2021-07-21T23:20:48.504Z] [worker-us-central1-api-3b51956a-daf3-4db6-b8e6-b3ee816f8920]: IDLE {"metadata":{"emulator":{"name":"functions"},"message":"[worker-us-central1-api-3b51956a-daf3-4db6-b8e6-b3ee816f8920]: IDLE"}}
[debug] [2021-07-21T23:20:48.504Z] [work-queue] {"queueLength":0,"workRunningCount":0}
[debug] [2021-07-21T23:20:57.649Z] [work-queue] {"queueLength":1,"workRunningCount":0}
[debug] [2021-07-21T23:20:57.649Z] [work-queue] {"queueLength":0,"workRunningCount":1}
[debug] [2021-07-21T23:20:57.649Z] Accepted request POST /healthybookar/us-central1/api/payments/create?total=0 --> us-central1-api
[debug] [2021-07-21T23:20:57.649Z] [worker-pool] submitWork(triggerId=us-central1-api) {"metadata":{"emulator":{"name":"functions"},"message":"[worker-pool] submitWork(triggerId=us-central1-api)"}}
[debug] [2021-07-21T23:20:57.649Z] [worker-us-central1-api-3b51956a-daf3-4db6-b8e6-b3ee816f8920]: Assigning socketPath: /var/folders/j0/5_n15szj493814hxjjkm6s300000gn/T/fire_emu_49766.sock {"metadata":{"emulator":{"name":"functions"},"message":"[worker-us-central1-api-3b51956a-daf3-4db6-b8e6-b3ee816f8920]: Assigning socketPath: /var/folders/j0/5_n15szj493814hxjjkm6s300000gn/T/fire_emu_49766.sock"}}
[debug] [2021-07-21T23:20:57.649Z] [worker-us-central1-api-3b51956a-daf3-4db6-b8e6-b3ee816f8920]: BUSY {"metadata":{"emulator":{"name":"functions"},"message":"[worker-us-central1-api-3b51956a-daf3-4db6-b8e6-b3ee816f8920]: BUSY"}}
[debug] [2021-07-21T23:20:57.650Z] [runtime-status] [49766] Trigger "us-central1-api" has been found, beginning invocation! {"metadata":{"emulator":{"name":"functions"},"function":{"name":"us-central1-api"},"message":"[runtime-status] [49766] Trigger \"us-central1-api\" has been found, beginning invocation!"}}
[info] i  functions: Beginning execution of "us-central1-api" {"metadata":{"emulator":{"name":"functions"},"function":{"name":"us-central1-api"},"message":"Beginning execution of \"us-central1-api\""}}
[debug] [2021-07-21T23:20:57.651Z] [runtime-status] [49766] triggerDefinition {"httpsTrigger":{},"name":"api","entryPoint":"api","regions":["us-central1"],"region":"us-central1","id":"us-central1-api"} {"metadata":{"emulator":{"name":"functions"},"function":{"name":"us-central1-api"},"message":"[runtime-status] [49766] triggerDefinition {\"httpsTrigger\":{},\"name\":\"api\",\"entryPoint\":\"api\",\"regions\":[\"us-central1\"],\"region\":\"us-central1\",\"id\":\"us-central1-api\"}"}}
[debug] [2021-07-21T23:20:57.651Z] [runtime-status] [49766] Running us-central1-api in mode HTTPS {"metadata":{"emulator":{"name":"functions"},"function":{"name":"us-central1-api"},"message":"[runtime-status] [49766] Running us-central1-api in mode HTTPS"}}
[debug] [2021-07-21T23:20:57.651Z] [runtime-status] [49766] Attempting to listen to socketPath: /var/folders/j0/5_n15szj493814hxjjkm6s300000gn/T/fire_emu_49766.sock {"metadata":{"emulator":{"name":"functions"},"function":{"name":"us-central1-api"},"message":"[runtime-status] [49766] Attempting to listen to socketPath: /var/folders/j0/5_n15szj493814hxjjkm6s300000gn/T/fire_emu_49766.sock"}}
[debug] [2021-07-21T23:20:57.654Z] [functions] Runtime ready! Sending request! {"metadata":{"emulator":{"name":"functions"},"message":"[functions] Runtime ready! Sending request!"}}
[debug] [2021-07-21T23:20:57.654Z] [functions] Got req.url=/healthybookar/us-central1/api/payments/create?total=0, mapping to path=/payments/create?total=0 {"metadata":{"emulator":{"name":"functions"},"message":"[functions] Got req.url=/healthybookar/us-central1/api/payments/create?total=0, mapping to path=/payments/create?total=0"}}
[debug] [2021-07-21T23:20:57.657Z] [runtime-status] [49766] Ephemeral server handling POST request {"metadata":{"emulator":{"name":"functions"},"function":{"name":"us-central1-api"},"message":"[runtime-status] [49766] Ephemeral server handling POST request"}}
[info] >  Payment Request Received BOOM! For amount >>> 0 {"user":"Payment Request Received BOOM! For amount >>> 0","metadata":{"emulator":{"name":"functions"},"function":{"name":"us-central1-api"},"message":"\u001b[90m> \u001b[39m Payment Request Received BOOM! For amount >>> 0"}}
[debug] [2021-07-21T23:20:57.658Z] [runtime-status] [49766] Ephemeral server survived. {"metadata":{"emulator":{"name":"functions"},"function":{"name":"us-central1-api"},"message":"[runtime-status] [49766] Ephemeral server survived."}}
[info] >  (node:49766) UnhandledPromiseRejectionWarning: Error: This value must be greater than or equal to 1. {"user":"(node:49766) UnhandledPromiseRejectionWarning: Error: This value must be greater than or equal to 1.","metadata":{"emulator":{"name":"functions"},"function":{"name":"us-central1-api"},"message":"\u001b[90m> \u001b[39m (node:49766) UnhandledPromiseRejectionWarning: Error: This value must be greater than or equal to 1."}}
[info] >      at Function.generate (/Users/arpirai/Downloads/Home_Arpit/HealthyBooker/healthy_bookar.com/functions/node_modules/stripe/lib/Error.js:40:16) {"user":"    at Function.generate (/Users/arpirai/Downloads/Home_Arpit/HealthyBooker/healthy_bookar.com/functions/node_modules/stripe/lib/Error.js:40:16)","metadata":{"emulator":{"name":"functions"},"function":{"name":"us-central1-api"},"message":"\u001b[90m> \u001b[39m     at Function.generate (/Users/arpirai/Downloads/Home_Arpit/HealthyBooker/healthy_bookar.com/functions/node_modules/stripe/lib/Error.js:40:16)"}}
[info] >      at IncomingMessage.<anonymous> (/Users/arpirai/Downloads/Home_Arpit/HealthyBooker/healthy_bookar.com/functions/node_modules/stripe/lib/StripeResource.js:203:33) {"user":"    at IncomingMessage.<anonymous> (/Users/arpirai/Downloads/Home_Arpit/HealthyBooker/healthy_bookar.com/functions/node_modules/stripe/lib/StripeResource.js:203:33)","metadata":{"emulator":{"name":"functions"},"function":{"name":"us-central1-api"},"message":"\u001b[90m> \u001b[39m     at IncomingMessage.<anonymous> (/Users/arpirai/Downloads/Home_Arpit/HealthyBooker/healthy_bookar.com/functions/node_modules/stripe/lib/StripeResource.js:203:33)"}}
[info] >      at Object.onceWrapper (events.js:420:28) {"user":"    at Object.onceWrapper (events.js:420:28)","metadata":{"emulator":{"name":"functions"},"function":{"name":"us-central1-api"},"message":"\u001b[90m> \u001b[39m     at Object.onceWrapper (events.js:420:28)"}}
[info] >      at IncomingMessage.emit (events.js:326:22) {"user":"    at IncomingMessage.emit (events.js:326:22)","metadata":{"emulator":{"name":"functions"},"function":{"name":"us-central1-api"},"message":"\u001b[90m> \u001b[39m     at IncomingMessage.emit (events.js:326:22)"}}
[info] >      at endReadableNT (_stream_readable.js:1252:12) {"user":"    at endReadableNT (_stream_readable.js:1252:12)","metadata":{"emulator":{"name":"functions"},"function":{"name":"us-central1-api"},"message":"\u001b[90m> \u001b[39m     at endReadableNT (_stream_readable.js:1252:12)"}}
[info] >      at processTicksAndRejections (internal/process/task_queues.js:80:21) {"user":"    at processTicksAndRejections (internal/process/task_queues.js:80:21)","metadata":{"emulator":{"name":"functions"},"function":{"name":"us-central1-api"},"message":"\u001b[90m> \u001b[39m     at processTicksAndRejections (internal/process/task_queues.js:80:21)"}}
[info] >  (Use `node --trace-warnings ...` to show where the warning was created) {"user":"(Use `node --trace-warnings ...` to show where the warning was created)","metadata":{"emulator":{"name":"functions"},"function":{"name":"us-central1-api"},"message":"\u001b[90m> \u001b[39m (Use `node --trace-warnings ...` to show where the warning was created)"}}
[info] >  (node:49766) UnhandledPromiseRejectionWarning: Unhandled promise rejection. This error originated either by throwing inside of an async function without a catch block, or by rejecting a promise which was not handled with .catch(). To terminate the node process on unhandled promise rejection, use the CLI flag `--unhandled-rejections=strict` (see https://nodejs.org/api/cli.html#cli_unhandled_rejections_mode). (rejection id: 1) {"user":"(node:49766) UnhandledPromiseRejectionWarning: Unhandled promise rejection. This error originated either by throwing inside of an async function without a catch block, or by rejecting a promise which was not handled with .catch(). To terminate the node process on unhandled promise rejection, use the CLI flag `--unhandled-rejections=strict` (see https://nodejs.org/api/cli.html#cli_unhandled_rejections_mode). (rejection id: 1)","metadata":{"emulator":{"name":"functions"},"function":{"name":"us-central1-api"},"message":"\u001b[90m> \u001b[39m (node:49766) UnhandledPromiseRejectionWarning: Unhandled promise rejection. This error originated either by throwing inside of an async function without a catch block, or by rejecting a promise which was not handled with .catch(). To terminate the node process on unhandled promise rejection, use the CLI flag `--unhandled-rejections=strict` (see https://nodejs.org/api/cli.html#cli_unhandled_rejections_mode). (rejection id: 1)"}}
[info] >  (node:49766) [DEP0018] DeprecationWarning: Unhandled promise rejections are deprecated. In the future, promise rejections that are not handled will terminate the Node.js process with a non-zero exit code. {"user":"(node:49766) [DEP0018] DeprecationWarning: Unhandled promise rejections are deprecated. In the future, promise rejections that are not handled will terminate the Node.js process with a non-zero exit code.","metadata":{"emulator":{"name":"functions"},"function":{"name":"us-central1-api"},"message":"\u001b[90m> \u001b[39m (node:49766) [DEP0018] DeprecationWarning: Unhandled promise rejections are deprecated. In the future, promise rejections that are not handled will terminate the Node.js process with a non-zero exit code."}}
[warn] ⚠  functions: Your function timed out after ~60s. To configure this timeout, see
      https://firebase.google.com/docs/functions/manage-functions#set_timeout_and_memory_allocation. {"metadata":{"emulator":{"name":"functions"},"function":{"name":"us-central1-api"},"message":"Your function timed out after ~60s. To configure this timeout, see\n      https://firebase.google.com/docs/functions/manage-functions#set_timeout_and_memory_allocation."}}
[info] >  /Users/arpirai/.npm-global/lib/node_modules/firebase-tools/lib/emulator/functionsEmulatorRuntime.js:651 {"user":"/Users/arpirai/.npm-global/lib/node_modules/firebase-tools/lib/emulator/functionsEmulatorRuntime.js:651","metadata":{"emulator":{"name":"functions"},"function":{"name":"us-central1-api"},"message":"\u001b[90m> \u001b[39m /Users/arpirai/.npm-global/lib/node_modules/firebase-tools/lib/emulator/functionsEmulatorRuntime.js:651"}}
[info] >              throw new Error("Function timed out."); {"user":"            throw new Error(\"Function timed out.\");","metadata":{"emulator":{"name":"functions"},"function":{"name":"us-central1-api"},"message":"\u001b[90m> \u001b[39m             throw new Error(\"Function timed out.\");"}}
[info] >              ^ {"user":"            ^","metadata":{"emulator":{"name":"functions"},"function":{"name":"us-central1-api"},"message":"\u001b[90m> \u001b[39m             ^"}}
[info] >   {"user":"","metadata":{"emulator":{"name":"functions"},"function":{"name":"us-central1-api"},"message":"\u001b[90m> \u001b[39m "}}
[info] >  Error: Function timed out. {"user":"Error: Function timed out.","metadata":{"emulator":{"name":"functions"},"function":{"name":"us-central1-api"},"message":"\u001b[90m> \u001b[39m Error: Function timed out."}}
[info] >      at Timeout._onTimeout (/Users/arpirai/.npm-global/lib/node_modules/firebase-tools/lib/emulator/functionsEmulatorRuntime.js:651:19) {"user":"    at Timeout._onTimeout (/Users/arpirai/.npm-global/lib/node_modules/firebase-tools/lib/emulator/functionsEmulatorRuntime.js:651:19)","metadata":{"emulator":{"name":"functions"},"function":{"name":"us-central1-api"},"message":"\u001b[90m> \u001b[39m     at Timeout._onTimeout (/Users/arpirai/.npm-global/lib/node_modules/firebase-tools/lib/emulator/functionsEmulatorRuntime.js:651:19)"}}
[info] >      at listOnTimeout (internal/timers.js:554:17) {"user":"    at listOnTimeout (internal/timers.js:554:17)","metadata":{"emulator":{"name":"functions"},"function":{"name":"us-central1-api"},"message":"\u001b[90m> \u001b[39m     at listOnTimeout (internal/timers.js:554:17)"}}
[info] >      at processTimers (internal/timers.js:497:7) {"user":"    at processTimers (internal/timers.js:497:7)","metadata":{"emulator":{"name":"functions"},"function":{"name":"us-central1-api"},"message":"\u001b[90m> \u001b[39m     at processTimers (internal/timers.js:497:7)"}}
[debug] [2021-07-21T23:21:57.665Z] [worker-us-central1-api-3b51956a-daf3-4db6-b8e6-b3ee816f8920]: exited {"metadata":{"emulator":{"name":"functions"},"message":"[worker-us-central1-api-3b51956a-daf3-4db6-b8e6-b3ee816f8920]: exited"}}
[debug] [2021-07-21T23:21:57.665Z] [worker-us-central1-api-3b51956a-daf3-4db6-b8e6-b3ee816f8920]: FINISHED {"metadata":{"emulator":{"name":"functions"},"message":"[worker-us-central1-api-3b51956a-daf3-4db6-b8e6-b3ee816f8920]: FINISHED"}}
[debug] [2021-07-21T23:21:57.665Z] [work-queue] {"queueLength":0,"workRunningCount":0}
